<?xml version="1.0" encoding="UTF-8"?>
<testng-results ignored="0" total="1" passed="1" failed="0" skipped="0">
  <reporter-output>
  </reporter-output>
  <suite started-at="2026-05-22T15:51:51 IST" name="Default suite" finished-at="2026-05-22T15:51:57 IST" duration-ms="6059">
    <groups>
    </groups>
    <test started-at="2026-05-22T15:51:51 IST" name="Default test" finished-at="2026-05-22T15:51:57 IST" duration-ms="6059">
      <class name="com.ui.test.LoginTest">
        <test-method is-config="true" signature="setUp()[pri:0, instance:com.ui.test.LoginTest@399f45b1]" started-at="2026-05-22T15:51:51 IST" name="setUp" finished-at="2026-05-22T15:51:56 IST" duration-ms="4951" status="PASS">
          <reporter-output>
          </reporter-output>
        </test-method> <!-- setUp -->
        <test-method signature="ValidLoginTest()[pri:0, instance:com.ui.test.LoginTest@399f45b1]" started-at="2026-05-22T15:51:56 IST" name="ValidLoginTest" finished-at="2026-05-22T15:51:56 IST" duration-ms="935" status="PASS">
          <reporter-output>
          </reporter-output>
        </test-method> <!-- ValidLoginTest -->
        <test-method is-config="true" signature="quite()[pri:0, instance:com.ui.test.LoginTest@399f45b1]" started-at="2026-05-22T15:51:56 IST" name="quite" finished-at="2026-05-22T15:51:57 IST" duration-ms="139" status="PASS">
          <reporter-output>
          </reporter-output>
        </test-method> <!-- quite -->
      </class> <!-- com.ui.test.LoginTest -->
    </test> <!-- Default test -->
  </suite> <!-- Default suite -->
</testng-results>
