<?xml version="1.0" encoding="UTF-8"?>
<testng-results ignored="0" total="1" passed="1" failed="0" skipped="0">
  <reporter-output>
  </reporter-output>
  <suite started-at="2026-05-22T18:58:47 IST" name="Default suite" finished-at="2026-05-22T18:59:03 IST" duration-ms="15646">
    <groups>
    </groups>
    <test started-at="2026-05-22T18:58:47 IST" name="Default test" finished-at="2026-05-22T18:59:03 IST" duration-ms="15646">
      <class name="com.ui.test.NewBrandTest">
        <test-method is-config="true" signature="setUp()[pri:0, instance:com.ui.test.NewBrandTest@38c6f217]" started-at="2026-05-22T18:58:47 IST" name="setUp" finished-at="2026-05-22T18:58:54 IST" duration-ms="6669" status="PASS">
          <reporter-output>
          </reporter-output>
        </test-method> <!-- setUp -->
        <test-method is-config="true" signature="loginApplication()[pri:0, instance:com.ui.test.NewBrandTest@38c6f217]" started-at="2026-05-22T18:58:54 IST" name="loginApplication" finished-at="2026-05-22T18:58:54 IST" duration-ms="485" status="PASS">
          <reporter-output>
          </reporter-output>
        </test-method> <!-- loginApplication -->
        <test-method signature="AddNewBrandTest()[pri:0, instance:com.ui.test.NewBrandTest@38c6f217]" started-at="2026-05-22T18:58:54 IST" name="AddNewBrandTest" finished-at="2026-05-22T18:59:02 IST" duration-ms="8252" status="PASS">
          <reporter-output>
          </reporter-output>
        </test-method> <!-- AddNewBrandTest -->
        <test-method is-config="true" signature="quite()[pri:0, instance:com.ui.test.NewBrandTest@38c6f217]" started-at="2026-05-22T18:59:02 IST" name="quite" finished-at="2026-05-22T18:59:03 IST" duration-ms="205" status="PASS">
          <reporter-output>
          </reporter-output>
        </test-method> <!-- quite -->
      </class> <!-- com.ui.test.NewBrandTest -->
    </test> <!-- Default test -->
  </suite> <!-- Default suite -->
</testng-results>
